2021-06-19 15:25:22,494:INFO:PyCaret Supervised Module
2021-06-19 15:25:22,495:INFO:ML Usecase: classification
2021-06-19 15:25:22,496:INFO:version 2.3.1
2021-06-19 15:25:22,497:INFO:Initializing setup()
2021-06-19 15:25:22,497:INFO:setup(target=answerCode, ml_usecase=classification, available_plots={'parameter': 'Hyperparameters', 'auc': 'AUC', 'confusion_matrix': 'Confusion Matrix', 'threshold': 'Threshold', 'pr': 'Precision Recall', 'error': 'Prediction Error', 'class_report': 'Class Report', 'rfe': 'Feature Selection', 'learning': 'Learning Curve', 'manifold': 'Manifold Learning', 'calibration': 'Calibration Curve', 'vc': 'Validation Curve', 'dimension': 'Dimensions', 'feature': 'Feature Importance', 'feature_all': 'Feature Importance (All)', 'boundary': 'Decision Boundary', 'lift': 'Lift Chart', 'gain': 'Gain Chart', 'tree': 'Decision Tree'}, train_size=0.7, test_data=None, preprocess=True, imputation_type=simple, iterative_imputation_iters=5, categorical_features=[], categorical_imputation=constant, categorical_iterative_imputer=lightgbm, ordinal_features=None, high_cardinality_features=None, high_cardinality_method=frequency, numeric_features=[], numeric_imputation=mean, numeric_iterative_imputer=lightgbm, date_features=None, ignore_features=None, normalize=False, normalize_method=zscore, transformation=False, transformation_method=yeo-johnson, handle_unknown_categorical=True, unknown_categorical_method=least_frequent, pca=False, pca_method=linear, pca_components=None, ignore_low_variance=False, combine_rare_levels=False, rare_level_threshold=0.1, bin_numeric_features=None, remove_outliers=False, outliers_threshold=0.05, remove_multicollinearity=False, multicollinearity_threshold=0.9, remove_perfect_collinearity=True, create_clusters=False, cluster_iter=20, polynomial_features=False, polynomial_degree=2, trigonometry_features=False, polynomial_threshold=0.1, group_features=None, group_names=None, feature_selection=False, feature_selection_threshold=0.8, feature_selection_method=classic, feature_interaction=False, feature_ratio=False, interaction_threshold=0.01, fix_imbalance=False, fix_imbalance_method=None, transform_target=False, transform_target_method=box-cox, data_split_shuffle=True, data_split_stratify=False, fold_strategy=stratifiedkfold, fold=10, fold_shuffle=False, fold_groups=None, n_jobs=-1, use_gpu=False, custom_pipeline=None, html=True, session_id=None, log_experiment=False, experiment_name=None, log_plots=False, log_profile=False, log_data=False, silent=True, verbose=True, profile=False, profile_kwargs=None, display=None)
2021-06-19 15:25:22,497:INFO:Checking environment
2021-06-19 15:25:22,497:INFO:python_version: 3.7.7
2021-06-19 15:25:22,497:INFO:python_build: ('default', 'May  7 2020 21:25:33')
2021-06-19 15:25:22,497:INFO:machine: x86_64
2021-06-19 15:25:22,498:INFO:platform: Linux-4.4.0-210-generic-x86_64-with-debian-buster-sid
2021-06-19 15:25:22,499:INFO:Memory: svmem(total=31615565824, available=25459863552, percent=19.5, used=5907218432, free=19586932736, active=9371545600, inactive=1969500160, buffers=343031808, cached=5778382848, shared=23465984, slab=436019200)
2021-06-19 15:25:22,500:INFO:Physical Core: 4
2021-06-19 15:25:22,500:INFO:Logical Core: 4
2021-06-19 15:25:22,500:INFO:Checking libraries
2021-06-19 15:25:22,500:INFO:pd==1.2.4
2021-06-19 15:25:22,500:INFO:numpy==1.19.5
2021-06-19 15:25:22,501:INFO:sklearn==0.23.2
2021-06-19 15:25:22,501:INFO:lightgbm==3.2.1
2021-06-19 15:25:22,501:WARNING:catboost not found
2021-06-19 15:25:22,502:WARNING:xgboost not found
2021-06-19 15:25:22,682:INFO:mlflow==1.18.0
2021-06-19 15:25:22,682:INFO:Checking Exceptions
2021-06-19 15:25:22,682:INFO:Declaring global variables
2021-06-19 15:25:22,682:INFO:USI: 7d65
2021-06-19 15:25:22,682:INFO:pycaret_globals: {'USI', 'y', 'fold_shuffle_param', 'prep_pipe', 'stratify_param', '_gpu_n_jobs_param', 'fold_groups_param_full', 'n_jobs_param', 'y_train', 'exp_name_log', 'pycaret_globals', '_all_models', 'fold_generator', 'logging_param', 'fix_imbalance_param', 'seed', 'create_model_container', 'fold_groups_param', 'data_before_preprocess', 'fold_param', 'X_test', 'gpu_param', 'fix_imbalance_method_param', '_available_plots', 'display_container', 'target_param', '_internal_pipeline', 'transform_target_method_param', 'transform_target_param', 'imputation_regressor', '_ml_usecase', '_all_models_internal', 'html_param', 'master_model_container', 'imputation_classifier', 'X', 'X_train', 'log_plots_param', '_all_metrics', 'iterative_imputation_iters_param', 'y_test', 'experiment__'}
2021-06-19 15:25:22,683:INFO:Preparing display monitor
2021-06-19 15:25:22,683:INFO:Preparing display monitor
2021-06-19 15:25:22,695:INFO:Importing libraries
2021-06-19 15:25:22,696:INFO:Copying data for preprocessing
2021-06-19 15:25:22,860:INFO:Declaring preprocessing parameters
2021-06-19 15:25:23,150:INFO:Creating preprocessing pipeline
2021-06-19 15:25:25,839:INFO:Preprocessing pipeline created successfully
2021-06-19 15:25:25,840:ERROR:(Process Exit): setup has been interupted with user command 'quit'. setup must rerun.
2021-06-19 15:25:25,840:INFO:Creating global containers
2021-06-19 15:25:25,841:INFO:Internal pipeline: Pipeline(memory=None, steps=[('empty_step', 'passthrough')], verbose=False)
2021-06-19 15:26:16,173:WARNING:Couldn't import xgboost.XGBClassifier
2021-06-19 15:26:16,174:WARNING:Couldn't import catboost.CatBoostClassifier
2021-06-19 15:26:16,262:WARNING:Couldn't import xgboost.XGBClassifier
2021-06-19 15:26:16,263:WARNING:Couldn't import catboost.CatBoostClassifier
2021-06-19 15:26:16,263:INFO:Creating grid variables
2021-06-19 15:26:16,318:INFO:create_model_container: 0
2021-06-19 15:26:16,319:INFO:master_model_container: 0
2021-06-19 15:26:16,319:INFO:display_container: 1
2021-06-19 15:26:16,325:INFO:Pipeline(memory=None,
         steps=[('dtypes',
                 DataTypes_Auto_infer(categorical_features=[],
                                      display_types=False, features_todrop=[],
                                      id_columns=[],
                                      ml_usecase='classification',
                                      numerical_features=[],
                                      target='answerCode', time_features=[])),
                ('imputer',
                 Simple_Imputer(categorical_strategy='not_available',
                                fill_value_categorical=None,
                                fill_value_numerical=None,
                                numeric_...
                ('scaling', 'passthrough'), ('P_transform', 'passthrough'),
                ('binn', 'passthrough'), ('rem_outliers', 'passthrough'),
                ('cluster_all', 'passthrough'),
                ('dummy', Dummify(target='answerCode')),
                ('fix_perfect', Remove_100(target='answerCode')),
                ('clean_names', Clean_Colum_Names()),
                ('feature_select', 'passthrough'), ('fix_multi', 'passthrough'),
                ('dfs', 'passthrough'), ('pca', 'passthrough')],
         verbose=False)
2021-06-19 15:26:16,325:INFO:setup() succesfully completed......................................
2021-06-19 15:26:16,529:INFO:Initializing create_model()
2021-06-19 15:26:16,529:INFO:create_model(estimator=lightgbm, fold=None, round=4, cross_validation=True, predict=True, fit_kwargs=None, groups=None, refit=True, verbose=True, system=True, metrics=None, display=None, kwargs={'sort': 'AUC'})
2021-06-19 15:26:16,529:INFO:Checking exceptions
2021-06-19 15:26:16,529:INFO:Preparing display monitor
2021-06-19 15:26:16,548:INFO:Importing libraries
2021-06-19 15:26:16,548:INFO:Copying training dataset
2021-06-19 15:26:16,676:INFO:Defining folds
2021-06-19 15:26:16,676:INFO:Declaring metric variables
2021-06-19 15:26:16,687:INFO:Importing untrained model
2021-06-19 15:26:16,700:INFO:Light Gradient Boosting Machine Imported succesfully
2021-06-19 15:26:16,724:INFO:Starting cross validation
2021-06-19 15:26:16,729:INFO:Cross validating with StratifiedKFold(n_splits=10, random_state=None, shuffle=False), n_jobs=-1
2021-06-19 15:27:23,585:INFO:Calculating mean and std
2021-06-19 15:27:23,586:INFO:Creating metrics dataframe
2021-06-19 15:27:23,602:INFO:Finalizing model
2021-06-19 15:27:30,592:INFO:Uploading results into container
2021-06-19 15:27:30,593:INFO:Uploading model into container now
2021-06-19 15:27:30,593:INFO:create_model_container: 1
2021-06-19 15:27:30,593:INFO:master_model_container: 1
2021-06-19 15:27:30,593:INFO:display_container: 2
2021-06-19 15:27:30,594:INFO:LGBMClassifier(boosting_type='gbdt', class_weight=None, colsample_bytree=1.0,
               importance_type='split', learning_rate=0.1, max_depth=-1,
               min_child_samples=20, min_child_weight=0.001, min_split_gain=0.0,
               n_estimators=100, n_jobs=-1, num_leaves=31, objective=None,
               random_state=5914, reg_alpha=0.0, reg_lambda=0.0, silent=True,
               sort='AUC', subsample=1.0, subsample_for_bin=200000,
               subsample_freq=0)
2021-06-19 15:27:30,595:INFO:create_model() succesfully completed......................................
2021-06-19 15:27:30,764:INFO:Initializing tune_model()
2021-06-19 15:27:30,764:INFO:tune_model(estimator=LGBMClassifier(boosting_type='gbdt', class_weight=None, colsample_bytree=1.0,
               importance_type='split', learning_rate=0.1, max_depth=-1,
               min_child_samples=20, min_child_weight=0.001, min_split_gain=0.0,
               n_estimators=100, n_jobs=-1, num_leaves=31, objective=None,
               random_state=5914, reg_alpha=0.0, reg_lambda=0.0, silent=True,
               sort='AUC', subsample=1.0, subsample_for_bin=200000,
               subsample_freq=0), fold=10, round=4, n_iter=10, custom_grid=None, optimize=AUC, custom_scorer=None, search_library=scikit-learn, search_algorithm=None, early_stopping=False, early_stopping_max_iters=10, choose_better=False, fit_kwargs=None, groups=None, return_tuner=False, verbose=True, tuner_verbose=True, display=None, kwargs={})
2021-06-19 15:27:30,764:INFO:Checking exceptions
2021-06-19 15:27:30,778:INFO:Preparing display monitor
2021-06-19 15:27:30,793:INFO:Copying training dataset
2021-06-19 15:27:30,930:INFO:Checking base model
2021-06-19 15:27:30,931:INFO:Base model : Light Gradient Boosting Machine
2021-06-19 15:27:30,942:INFO:Declaring metric variables
2021-06-19 15:27:30,958:INFO:Defining Hyperparameters
2021-06-19 15:27:31,096:INFO:Tuning with n_jobs=-1
2021-06-19 15:27:31,096:INFO:Initializing RandomizedSearchCV
2021-06-19 15:35:20,565:INFO:best_params: {'actual_estimator__reg_lambda': 0.15, 'actual_estimator__reg_alpha': 0.0005, 'actual_estimator__num_leaves': 100, 'actual_estimator__n_estimators': 80, 'actual_estimator__min_split_gain': 0.7, 'actual_estimator__min_child_samples': 46, 'actual_estimator__learning_rate': 0.2, 'actual_estimator__feature_fraction': 0.4, 'actual_estimator__bagging_freq': 5, 'actual_estimator__bagging_fraction': 0.8}
2021-06-19 15:35:20,566:INFO:Hyperparameter search completed
2021-06-19 15:35:20,566:INFO:SubProcess create_model() called ==================================
2021-06-19 15:35:20,567:INFO:Initializing create_model()
2021-06-19 15:35:20,567:INFO:create_model(estimator=LGBMClassifier(boosting_type='gbdt', class_weight=None, colsample_bytree=1.0,
               importance_type='split', learning_rate=0.1, max_depth=-1,
               min_child_samples=20, min_child_weight=0.001, min_split_gain=0.0,
               n_estimators=100, n_jobs=-1, num_leaves=31, objective=None,
               random_state=5914, reg_alpha=0.0, reg_lambda=0.0, silent=True,
               sort='AUC', subsample=1.0, subsample_for_bin=200000,
               subsample_freq=0), fold=StratifiedKFold(n_splits=10, random_state=None, shuffle=False), round=4, cross_validation=True, predict=True, fit_kwargs={}, groups=None, refit=True, verbose=True, system=False, metrics=None, display=<pycaret.internal.Display.Display object at 0x7f897e6557d0>, kwargs={'reg_lambda': 0.15, 'reg_alpha': 0.0005, 'num_leaves': 100, 'n_estimators': 80, 'min_split_gain': 0.7, 'min_child_samples': 46, 'learning_rate': 0.2, 'feature_fraction': 0.4, 'bagging_freq': 5, 'bagging_fraction': 0.8})
2021-06-19 15:35:20,567:INFO:Checking exceptions
2021-06-19 15:35:20,567:INFO:Importing libraries
2021-06-19 15:35:20,567:INFO:Copying training dataset
2021-06-19 15:35:20,709:INFO:Defining folds
2021-06-19 15:35:20,709:INFO:Declaring metric variables
2021-06-19 15:35:20,720:INFO:Importing untrained model
2021-06-19 15:35:20,720:INFO:Declaring custom model
2021-06-19 15:35:20,734:INFO:Light Gradient Boosting Machine Imported succesfully
2021-06-19 15:35:20,759:INFO:Starting cross validation
2021-06-19 15:35:20,763:INFO:Cross validating with StratifiedKFold(n_splits=10, random_state=None, shuffle=False), n_jobs=-1
2021-06-19 15:36:32,326:INFO:Calculating mean and std
2021-06-19 15:36:32,327:INFO:Creating metrics dataframe
2021-06-19 15:36:32,341:INFO:Finalizing model
2021-06-19 15:36:40,480:INFO:Uploading results into container
2021-06-19 15:36:40,481:INFO:Uploading model into container now
2021-06-19 15:36:40,481:INFO:create_model_container: 2
2021-06-19 15:36:40,482:INFO:master_model_container: 2
2021-06-19 15:36:40,482:INFO:display_container: 3
2021-06-19 15:36:40,482:INFO:LGBMClassifier(bagging_fraction=0.8, bagging_freq=5, boosting_type='gbdt',
               class_weight=None, colsample_bytree=1.0, feature_fraction=0.4,
               importance_type='split', learning_rate=0.2, max_depth=-1,
               min_child_samples=46, min_child_weight=0.001, min_split_gain=0.7,
               n_estimators=80, n_jobs=-1, num_leaves=100, objective=None,
               random_state=5914, reg_alpha=0.0005, reg_lambda=0.15,
               silent=True, sort='AUC', subsample=1.0, subsample_for_bin=200000,
               subsample_freq=0)
2021-06-19 15:36:40,482:INFO:create_model() succesfully completed......................................
2021-06-19 15:36:40,646:INFO:SubProcess create_model() end ==================================
2021-06-19 15:36:40,647:INFO:create_model_container: 2
2021-06-19 15:36:40,647:INFO:master_model_container: 2
2021-06-19 15:36:40,647:INFO:display_container: 3
2021-06-19 15:36:40,648:INFO:LGBMClassifier(bagging_fraction=0.8, bagging_freq=5, boosting_type='gbdt',
               class_weight=None, colsample_bytree=1.0, feature_fraction=0.4,
               importance_type='split', learning_rate=0.2, max_depth=-1,
               min_child_samples=46, min_child_weight=0.001, min_split_gain=0.7,
               n_estimators=80, n_jobs=-1, num_leaves=100, objective=None,
               random_state=5914, reg_alpha=0.0005, reg_lambda=0.15,
               silent=True, sort='AUC', subsample=1.0, subsample_for_bin=200000,
               subsample_freq=0)
2021-06-19 15:36:40,648:INFO:tune_model() succesfully completed......................................
2021-06-19 15:36:40,812:INFO:Initializing finalize_model()
2021-06-19 15:36:40,812:INFO:finalize_model(estimator=LGBMClassifier(bagging_fraction=0.8, bagging_freq=5, boosting_type='gbdt',
               class_weight=None, colsample_bytree=1.0, feature_fraction=0.4,
               importance_type='split', learning_rate=0.2, max_depth=-1,
               min_child_samples=46, min_child_weight=0.001, min_split_gain=0.7,
               n_estimators=80, n_jobs=-1, num_leaves=100, objective=None,
               random_state=5914, reg_alpha=0.0005, reg_lambda=0.15,
               silent=True, sort='AUC', subsample=1.0, subsample_for_bin=200000,
               subsample_freq=0), fit_kwargs=None, groups=None, model_only=True, display=None)
2021-06-19 15:36:40,812:INFO:Finalizing LGBMClassifier(bagging_fraction=0.8, bagging_freq=5, boosting_type='gbdt',
               class_weight=None, colsample_bytree=1.0, feature_fraction=0.4,
               importance_type='split', learning_rate=0.2, max_depth=-1,
               min_child_samples=46, min_child_weight=0.001, min_split_gain=0.7,
               n_estimators=80, n_jobs=-1, num_leaves=100, objective=None,
               random_state=5914, reg_alpha=0.0005, reg_lambda=0.15,
               silent=True, sort='AUC', subsample=1.0, subsample_for_bin=200000,
               subsample_freq=0)
2021-06-19 15:36:40,813:INFO:Initializing create_model()
2021-06-19 15:36:40,813:INFO:create_model(estimator=LGBMClassifier(bagging_fraction=0.8, bagging_freq=5, boosting_type='gbdt',
               class_weight=None, colsample_bytree=1.0, feature_fraction=0.4,
               importance_type='split', learning_rate=0.2, max_depth=-1,
               min_child_samples=46, min_child_weight=0.001, min_split_gain=0.7,
               n_estimators=80, n_jobs=-1, num_leaves=100, objective=None,
               random_state=5914, reg_alpha=0.0005, reg_lambda=0.15,
               silent=True, sort='AUC', subsample=1.0, subsample_for_bin=200000,
               subsample_freq=0), fold=None, round=4, cross_validation=True, predict=True, fit_kwargs={}, groups=None, refit=True, verbose=False, system=False, metrics=None, display=None, kwargs={})
2021-06-19 15:36:40,813:INFO:Checking exceptions
2021-06-19 15:36:40,813:INFO:Importing libraries
2021-06-19 15:36:40,813:INFO:Copying training dataset
2021-06-19 15:36:41,014:INFO:Defining folds
2021-06-19 15:36:41,014:INFO:Declaring metric variables
2021-06-19 15:36:41,014:INFO:Importing untrained model
2021-06-19 15:36:41,014:INFO:Declaring custom model
2021-06-19 15:36:41,015:INFO:Light Gradient Boosting Machine Imported succesfully
2021-06-19 15:36:41,015:INFO:Starting cross validation
2021-06-19 15:36:41,016:INFO:Cross validating with StratifiedKFold(n_splits=10, random_state=None, shuffle=False), n_jobs=-1
2021-06-19 15:38:26,686:INFO:Calculating mean and std
2021-06-19 15:38:26,686:INFO:Creating metrics dataframe
2021-06-19 15:38:26,691:INFO:Finalizing model
2021-06-19 15:38:37,672:INFO:Uploading results into container
2021-06-19 15:38:37,673:INFO:Uploading model into container now
2021-06-19 15:38:37,673:INFO:create_model_container: 3
2021-06-19 15:38:37,673:INFO:master_model_container: 3
2021-06-19 15:38:37,673:INFO:display_container: 4
2021-06-19 15:38:37,674:INFO:LGBMClassifier(bagging_fraction=0.8, bagging_freq=5, boosting_type='gbdt',
               class_weight=None, colsample_bytree=1.0, feature_fraction=0.4,
               importance_type='split', learning_rate=0.2, max_depth=-1,
               min_child_samples=46, min_child_weight=0.001, min_split_gain=0.7,
               n_estimators=80, n_jobs=-1, num_leaves=100, objective=None,
               random_state=5914, reg_alpha=0.0005, reg_lambda=0.15,
               silent=True, sort='AUC', subsample=1.0, subsample_for_bin=200000,
               subsample_freq=0)
2021-06-19 15:38:37,674:INFO:create_model() succesfully completed......................................
2021-06-19 15:38:37,838:INFO:create_model_container: 3
2021-06-19 15:38:37,838:INFO:master_model_container: 3
2021-06-19 15:38:37,838:INFO:display_container: 3
2021-06-19 15:38:37,839:INFO:LGBMClassifier(bagging_fraction=0.8, bagging_freq=5, boosting_type='gbdt',
               class_weight=None, colsample_bytree=1.0, feature_fraction=0.4,
               importance_type='split', learning_rate=0.2, max_depth=-1,
               min_child_samples=46, min_child_weight=0.001, min_split_gain=0.7,
               n_estimators=80, n_jobs=-1, num_leaves=100, objective=None,
               random_state=5914, reg_alpha=0.0005, reg_lambda=0.15,
               silent=True, sort='AUC', subsample=1.0, subsample_for_bin=200000,
               subsample_freq=0)
2021-06-19 15:38:37,839:INFO:finalize_model() succesfully completed......................................
2021-06-19 15:38:38,025:INFO:Initializing predict_model()
2021-06-19 15:38:38,025:INFO:predict_model(estimator=LGBMClassifier(bagging_fraction=0.8, bagging_freq=5, boosting_type='gbdt',
               class_weight=None, colsample_bytree=1.0, feature_fraction=0.4,
               importance_type='split', learning_rate=0.2, max_depth=-1,
               min_child_samples=46, min_child_weight=0.001, min_split_gain=0.7,
               n_estimators=80, n_jobs=-1, num_leaves=100, objective=None,
               random_state=5914, reg_alpha=0.0005, reg_lambda=0.15,
               silent=True, sort='AUC', subsample=1.0, subsample_for_bin=200000,
               subsample_freq=0), probability_threshold=None, encoded_labels=False, raw_score=True, round=4, verbose=True, ml_usecase=MLUsecase.CLASSIFICATION, display=None)
2021-06-19 15:38:38,025:INFO:Checking exceptions
2021-06-19 15:38:38,025:INFO:Preloading libraries
2021-06-19 15:38:38,026:INFO:Preparing display monitor
2021-06-19 15:38:47,484:INFO:Initializing save_model()
2021-06-19 15:38:47,484:INFO:save_model(model=LGBMClassifier(bagging_fraction=0.8, bagging_freq=5, boosting_type='gbdt',
               class_weight=None, colsample_bytree=1.0, feature_fraction=0.4,
               importance_type='split', learning_rate=0.2, max_depth=-1,
               min_child_samples=46, min_child_weight=0.001, min_split_gain=0.7,
               n_estimators=80, n_jobs=-1, num_leaves=100, objective=None,
               random_state=5914, reg_alpha=0.0005, reg_lambda=0.15,
               silent=True, sort='AUC', subsample=1.0, subsample_for_bin=200000,
               subsample_freq=0), model_name=models/lgbm_testest/model, prep_pipe_=Pipeline(memory=None,
         steps=[('dtypes',
                 DataTypes_Auto_infer(categorical_features=[],
                                      display_types=False, features_todrop=[],
                                      id_columns=[],
                                      ml_usecase='classification',
                                      numerical_features=[],
                                      target='answerCode', time_features=[])),
                ('imputer',
                 Simple_Imputer(categorical_strategy='not_available',
                                fill_value_categorical=None,
                                fill_value_numerical=None,
                                numeric_...
                ('scaling', 'passthrough'), ('P_transform', 'passthrough'),
                ('binn', 'passthrough'), ('rem_outliers', 'passthrough'),
                ('cluster_all', 'passthrough'),
                ('dummy', Dummify(target='answerCode')),
                ('fix_perfect', Remove_100(target='answerCode')),
                ('clean_names', Clean_Colum_Names()),
                ('feature_select', 'passthrough'), ('fix_multi', 'passthrough'),
                ('dfs', 'passthrough'), ('pca', 'passthrough')],
         verbose=False), verbose=True, kwargs={})
2021-06-19 15:38:47,484:INFO:Adding model into prep_pipe
2021-06-19 15:38:47,503:INFO:models/lgbm_testest/model.pkl saved in current working directory
2021-06-19 15:38:47,511:INFO:Pipeline(memory=None,
         steps=[('dtypes',
                 DataTypes_Auto_infer(categorical_features=[],
                                      display_types=False, features_todrop=[],
                                      id_columns=[],
                                      ml_usecase='classification',
                                      numerical_features=[],
                                      target='answerCode', time_features=[])),
                ('imputer',
                 Simple_Imputer(categorical_strategy='not_available',
                                fill_value_categorical=None,
                                fill_value_numerical=None,
                                numeric_...
                                colsample_bytree=1.0, feature_fraction=0.4,
                                importance_type='split', learning_rate=0.2,
                                max_depth=-1, min_child_samples=46,
                                min_child_weight=0.001, min_split_gain=0.7,
                                n_estimators=80, n_jobs=-1, num_leaves=100,
                                objective=None, random_state=5914,
                                reg_alpha=0.0005, reg_lambda=0.15, silent=True,
                                sort='AUC', subsample=1.0,
                                subsample_for_bin=200000, subsample_freq=0)]],
         verbose=False)
2021-06-19 15:38:47,511:INFO:save_model() succesfully completed......................................
2021-06-19 16:03:46,817:INFO:Initializing load_model()
2021-06-19 16:03:46,818:INFO:load_model(model_name=models/lgbm_testest/model, platform=None, authentication=None, verbose=True)
2021-06-19 16:03:48,647:INFO:Initializing predict_model()
2021-06-19 16:03:48,647:INFO:predict_model(estimator=Pipeline(steps=[('dtypes',
                 DataTypes_Auto_infer(display_types=False,
                                      ml_usecase='classification',
                                      target='answerCode')),
                ('imputer',
                 Simple_Imputer(categorical_strategy='not_available',
                                fill_value_categorical=None,
                                fill_value_numerical=None,
                                numeric_strategy='mean',
                                target_variable=None)),
                ('new_levels1',
                 New_Catagorical_Levels_in_TestData(replacement_strateg...
                ('clean_names', Clean_Colum_Names()),
                ('feature_select', 'passthrough'), ('fix_multi', 'passthrough'),
                ('dfs', 'passthrough'), ('pca', 'passthrough'),
                ['trained_model',
                 LGBMClassifier(bagging_fraction=0.8, bagging_freq=5,
                                feature_fraction=0.4, learning_rate=0.2,
                                min_child_samples=46, min_split_gain=0.7,
                                n_estimators=80, num_leaves=100,
                                random_state=5914, reg_alpha=0.0005,
                                reg_lambda=0.15, sort='AUC')]]), probability_threshold=None, encoded_labels=False, raw_score=True, round=4, verbose=True, ml_usecase=MLUsecase.CLASSIFICATION, display=None)
2021-06-19 16:03:48,647:INFO:Checking exceptions
2021-06-19 16:03:48,647:INFO:Preloading libraries
2021-06-19 16:06:48,578:INFO:Initializing load_model()
2021-06-19 16:06:48,579:INFO:load_model(model_name=models/lgbm_testest/model, platform=None, authentication=None, verbose=True)
2021-06-19 16:06:50,733:INFO:Initializing predict_model()
2021-06-19 16:06:50,733:INFO:predict_model(estimator=Pipeline(steps=[('dtypes',
                 DataTypes_Auto_infer(display_types=False,
                                      ml_usecase='classification',
                                      target='answerCode')),
                ('imputer',
                 Simple_Imputer(categorical_strategy='not_available',
                                fill_value_categorical=None,
                                fill_value_numerical=None,
                                numeric_strategy='mean',
                                target_variable=None)),
                ('new_levels1',
                 New_Catagorical_Levels_in_TestData(replacement_strateg...
                ('clean_names', Clean_Colum_Names()),
                ('feature_select', 'passthrough'), ('fix_multi', 'passthrough'),
                ('dfs', 'passthrough'), ('pca', 'passthrough'),
                ['trained_model',
                 LGBMClassifier(bagging_fraction=0.8, bagging_freq=5,
                                feature_fraction=0.4, learning_rate=0.2,
                                min_child_samples=46, min_split_gain=0.7,
                                n_estimators=80, num_leaves=100,
                                random_state=5914, reg_alpha=0.0005,
                                reg_lambda=0.15, sort='AUC')]]), probability_threshold=None, encoded_labels=False, raw_score=True, round=4, verbose=True, ml_usecase=MLUsecase.CLASSIFICATION, display=None)
2021-06-19 16:06:50,733:INFO:Checking exceptions
2021-06-19 16:06:50,734:INFO:Preloading libraries
2021-06-19 16:07:39,349:INFO:Initializing load_model()
2021-06-19 16:07:39,349:INFO:load_model(model_name=models/lgbm_testest/model, platform=None, authentication=None, verbose=True)
2021-06-19 16:07:41,113:INFO:Initializing predict_model()
2021-06-19 16:07:41,113:INFO:predict_model(estimator=Pipeline(steps=[('dtypes',
                 DataTypes_Auto_infer(display_types=False,
                                      ml_usecase='classification',
                                      target='answerCode')),
                ('imputer',
                 Simple_Imputer(categorical_strategy='not_available',
                                fill_value_categorical=None,
                                fill_value_numerical=None,
                                numeric_strategy='mean',
                                target_variable=None)),
                ('new_levels1',
                 New_Catagorical_Levels_in_TestData(replacement_strateg...
                ('clean_names', Clean_Colum_Names()),
                ('feature_select', 'passthrough'), ('fix_multi', 'passthrough'),
                ('dfs', 'passthrough'), ('pca', 'passthrough'),
                ['trained_model',
                 LGBMClassifier(bagging_fraction=0.8, bagging_freq=5,
                                feature_fraction=0.4, learning_rate=0.2,
                                min_child_samples=46, min_split_gain=0.7,
                                n_estimators=80, num_leaves=100,
                                random_state=5914, reg_alpha=0.0005,
                                reg_lambda=0.15, sort='AUC')]]), probability_threshold=None, encoded_labels=False, raw_score=True, round=4, verbose=True, ml_usecase=MLUsecase.CLASSIFICATION, display=None)
2021-06-19 16:07:41,113:INFO:Checking exceptions
2021-06-19 16:07:41,113:INFO:Preloading libraries
2021-06-19 16:08:31,636:INFO:Initializing load_model()
2021-06-19 16:08:31,637:INFO:load_model(model_name=models/lgbm_testest/model, platform=None, authentication=None, verbose=True)
2021-06-19 16:08:33,316:INFO:Initializing predict_model()
2021-06-19 16:08:33,318:INFO:predict_model(estimator=Pipeline(steps=[('dtypes',
                 DataTypes_Auto_infer(display_types=False,
                                      ml_usecase='classification',
                                      target='answerCode')),
                ('imputer',
                 Simple_Imputer(categorical_strategy='not_available',
                                fill_value_categorical=None,
                                fill_value_numerical=None,
                                numeric_strategy='mean',
                                target_variable=None)),
                ('new_levels1',
                 New_Catagorical_Levels_in_TestData(replacement_strateg...
                ('clean_names', Clean_Colum_Names()),
                ('feature_select', 'passthrough'), ('fix_multi', 'passthrough'),
                ('dfs', 'passthrough'), ('pca', 'passthrough'),
                ['trained_model',
                 LGBMClassifier(bagging_fraction=0.8, bagging_freq=5,
                                feature_fraction=0.4, learning_rate=0.2,
                                min_child_samples=46, min_split_gain=0.7,
                                n_estimators=80, num_leaves=100,
                                random_state=5914, reg_alpha=0.0005,
                                reg_lambda=0.15, sort='AUC')]]), probability_threshold=None, encoded_labels=False, raw_score=True, round=4, verbose=True, ml_usecase=MLUsecase.CLASSIFICATION, display=None)
2021-06-19 16:08:33,318:INFO:Checking exceptions
2021-06-19 16:08:33,318:INFO:Preloading libraries
2021-06-19 16:10:28,631:INFO:Initializing load_model()
2021-06-19 16:10:28,631:INFO:load_model(model_name=models/lgbm_testest/model, platform=None, authentication=None, verbose=True)
2021-06-19 16:10:30,318:INFO:Initializing predict_model()
2021-06-19 16:10:30,318:INFO:predict_model(estimator=Pipeline(steps=[('dtypes',
                 DataTypes_Auto_infer(display_types=False,
                                      ml_usecase='classification',
                                      target='answerCode')),
                ('imputer',
                 Simple_Imputer(categorical_strategy='not_available',
                                fill_value_categorical=None,
                                fill_value_numerical=None,
                                numeric_strategy='mean',
                                target_variable=None)),
                ('new_levels1',
                 New_Catagorical_Levels_in_TestData(replacement_strateg...
                ('clean_names', Clean_Colum_Names()),
                ('feature_select', 'passthrough'), ('fix_multi', 'passthrough'),
                ('dfs', 'passthrough'), ('pca', 'passthrough'),
                ['trained_model',
                 LGBMClassifier(bagging_fraction=0.8, bagging_freq=5,
                                feature_fraction=0.4, learning_rate=0.2,
                                min_child_samples=46, min_split_gain=0.7,
                                n_estimators=80, num_leaves=100,
                                random_state=5914, reg_alpha=0.0005,
                                reg_lambda=0.15, sort='AUC')]]), probability_threshold=None, encoded_labels=False, raw_score=True, round=4, verbose=True, ml_usecase=MLUsecase.CLASSIFICATION, display=None)
2021-06-19 16:10:30,318:INFO:Checking exceptions
2021-06-19 16:10:30,318:INFO:Preloading libraries
2021-06-19 16:13:23,647:INFO:PyCaret Supervised Module
2021-06-19 16:13:23,647:INFO:ML Usecase: classification
2021-06-19 16:13:23,647:INFO:version 2.3.1
2021-06-19 16:13:23,647:INFO:Initializing setup()
2021-06-19 16:13:23,648:INFO:setup(target=answerCode, ml_usecase=classification, available_plots={'parameter': 'Hyperparameters', 'auc': 'AUC', 'confusion_matrix': 'Confusion Matrix', 'threshold': 'Threshold', 'pr': 'Precision Recall', 'error': 'Prediction Error', 'class_report': 'Class Report', 'rfe': 'Feature Selection', 'learning': 'Learning Curve', 'manifold': 'Manifold Learning', 'calibration': 'Calibration Curve', 'vc': 'Validation Curve', 'dimension': 'Dimensions', 'feature': 'Feature Importance', 'feature_all': 'Feature Importance (All)', 'boundary': 'Decision Boundary', 'lift': 'Lift Chart', 'gain': 'Gain Chart', 'tree': 'Decision Tree'}, train_size=0.7, test_data=None, preprocess=True, imputation_type=simple, iterative_imputation_iters=5, categorical_features=[], categorical_imputation=constant, categorical_iterative_imputer=lightgbm, ordinal_features=None, high_cardinality_features=None, high_cardinality_method=frequency, numeric_features=[], numeric_imputation=mean, numeric_iterative_imputer=lightgbm, date_features=None, ignore_features=None, normalize=False, normalize_method=zscore, transformation=False, transformation_method=yeo-johnson, handle_unknown_categorical=True, unknown_categorical_method=least_frequent, pca=False, pca_method=linear, pca_components=None, ignore_low_variance=False, combine_rare_levels=False, rare_level_threshold=0.1, bin_numeric_features=None, remove_outliers=False, outliers_threshold=0.05, remove_multicollinearity=False, multicollinearity_threshold=0.9, remove_perfect_collinearity=True, create_clusters=False, cluster_iter=20, polynomial_features=False, polynomial_degree=2, trigonometry_features=False, polynomial_threshold=0.1, group_features=None, group_names=None, feature_selection=False, feature_selection_threshold=0.8, feature_selection_method=classic, feature_interaction=False, feature_ratio=False, interaction_threshold=0.01, fix_imbalance=False, fix_imbalance_method=None, transform_target=False, transform_target_method=box-cox, data_split_shuffle=True, data_split_stratify=False, fold_strategy=stratifiedkfold, fold=10, fold_shuffle=False, fold_groups=None, n_jobs=-1, use_gpu=False, custom_pipeline=None, html=True, session_id=None, log_experiment=False, experiment_name=None, log_plots=False, log_profile=False, log_data=False, silent=True, verbose=True, profile=False, profile_kwargs=None, display=None)
2021-06-19 16:13:23,648:INFO:Checking environment
2021-06-19 16:13:23,648:INFO:python_version: 3.7.7
2021-06-19 16:13:23,648:INFO:python_build: ('default', 'May  7 2020 21:25:33')
2021-06-19 16:13:23,648:INFO:machine: x86_64
2021-06-19 16:13:23,648:INFO:platform: Linux-4.4.0-210-generic-x86_64-with-debian-buster-sid
2021-06-19 16:13:23,649:INFO:Memory: svmem(total=31615565824, available=25420980224, percent=19.6, used=5945884672, free=19544240128, active=9418563584, inactive=1963458560, buffers=343265280, cached=5782175744, shared=23683072, slab=437444608)
2021-06-19 16:13:23,649:INFO:Physical Core: 4
2021-06-19 16:13:23,650:INFO:Logical Core: 4
2021-06-19 16:13:23,650:INFO:Checking libraries
2021-06-19 16:13:23,650:INFO:pd==1.2.4
2021-06-19 16:13:23,650:INFO:numpy==1.19.5
2021-06-19 16:13:23,650:INFO:sklearn==0.23.2
2021-06-19 16:13:23,650:INFO:lightgbm==3.2.1
2021-06-19 16:13:23,650:WARNING:catboost not found
2021-06-19 16:13:23,650:WARNING:xgboost not found
2021-06-19 16:13:23,841:INFO:mlflow==1.18.0
2021-06-19 16:13:23,841:INFO:Checking Exceptions
2021-06-19 16:13:23,842:INFO:Declaring global variables
2021-06-19 16:13:23,842:INFO:USI: c6f5
2021-06-19 16:13:23,842:INFO:pycaret_globals: {'data_before_preprocess', 'stratify_param', 'fix_imbalance_param', 'imputation_regressor', '_all_models', 'fix_imbalance_method_param', 'create_model_container', 'display_container', 'gpu_param', 'fold_groups_param', 'X_test', '_available_plots', 'pycaret_globals', 'logging_param', 'experiment__', 'transform_target_method_param', '_gpu_n_jobs_param', 'USI', 'seed', 'log_plots_param', 'fold_param', 'prep_pipe', 'n_jobs_param', '_internal_pipeline', 'target_param', '_ml_usecase', 'transform_target_param', 'X', 'imputation_classifier', '_all_metrics', 'y_train', 'html_param', 'iterative_imputation_iters_param', 'fold_generator', 'master_model_container', 'X_train', 'fold_groups_param_full', 'y_test', 'exp_name_log', 'fold_shuffle_param', 'y', '_all_models_internal'}
2021-06-19 16:13:23,842:INFO:Preparing display monitor
2021-06-19 16:13:23,842:INFO:Preparing display monitor
2021-06-19 16:13:23,866:INFO:Importing libraries
2021-06-19 16:13:23,866:INFO:Copying data for preprocessing
2021-06-19 16:13:24,074:INFO:Declaring preprocessing parameters
2021-06-19 16:13:24,387:INFO:Creating preprocessing pipeline
2021-06-19 16:13:27,436:INFO:Preprocessing pipeline created successfully
2021-06-19 16:13:27,436:ERROR:(Process Exit): setup has been interupted with user command 'quit'. setup must rerun.
2021-06-19 16:13:27,437:INFO:Creating global containers
2021-06-19 16:13:27,438:INFO:Internal pipeline: Pipeline(memory=None, steps=[('empty_step', 'passthrough')], verbose=False)
2021-06-19 16:14:18,080:WARNING:Couldn't import xgboost.XGBClassifier
2021-06-19 16:14:18,080:WARNING:Couldn't import catboost.CatBoostClassifier
2021-06-19 16:14:18,182:WARNING:Couldn't import xgboost.XGBClassifier
2021-06-19 16:14:18,182:WARNING:Couldn't import catboost.CatBoostClassifier
2021-06-19 16:14:18,183:INFO:Creating grid variables
2021-06-19 16:14:18,239:INFO:create_model_container: 0
2021-06-19 16:14:18,239:INFO:master_model_container: 0
2021-06-19 16:14:18,239:INFO:display_container: 1
2021-06-19 16:14:18,245:INFO:Pipeline(memory=None,
         steps=[('dtypes',
                 DataTypes_Auto_infer(categorical_features=[],
                                      display_types=False, features_todrop=[],
                                      id_columns=[],
                                      ml_usecase='classification',
                                      numerical_features=[],
                                      target='answerCode', time_features=[])),
                ('imputer',
                 Simple_Imputer(categorical_strategy='not_available',
                                fill_value_categorical=None,
                                fill_value_numerical=None,
                                numeric_...
                ('scaling', 'passthrough'), ('P_transform', 'passthrough'),
                ('binn', 'passthrough'), ('rem_outliers', 'passthrough'),
                ('cluster_all', 'passthrough'),
                ('dummy', Dummify(target='answerCode')),
                ('fix_perfect', Remove_100(target='answerCode')),
                ('clean_names', Clean_Colum_Names()),
                ('feature_select', 'passthrough'), ('fix_multi', 'passthrough'),
                ('dfs', 'passthrough'), ('pca', 'passthrough')],
         verbose=False)
2021-06-19 16:14:18,246:INFO:setup() succesfully completed......................................
2021-06-19 16:14:18,449:INFO:Initializing create_model()
2021-06-19 16:14:18,450:INFO:create_model(estimator=lightgbm, fold=None, round=4, cross_validation=True, predict=True, fit_kwargs=None, groups=None, refit=True, verbose=True, system=True, metrics=None, display=None, kwargs={'sort': 'AUC'})
2021-06-19 16:14:18,450:INFO:Checking exceptions
2021-06-19 16:14:18,450:INFO:Preparing display monitor
2021-06-19 16:14:18,465:INFO:Importing libraries
2021-06-19 16:14:18,465:INFO:Copying training dataset
2021-06-19 16:14:18,593:INFO:Defining folds
2021-06-19 16:14:18,594:INFO:Declaring metric variables
2021-06-19 16:14:18,605:INFO:Importing untrained model
2021-06-19 16:14:18,618:INFO:Light Gradient Boosting Machine Imported succesfully
2021-06-19 16:14:18,644:INFO:Starting cross validation
2021-06-19 16:14:18,649:INFO:Cross validating with StratifiedKFold(n_splits=10, random_state=None, shuffle=False), n_jobs=-1
2021-06-19 16:15:25,403:INFO:Calculating mean and std
2021-06-19 16:15:25,404:INFO:Creating metrics dataframe
2021-06-19 16:15:25,421:INFO:Finalizing model
2021-06-19 16:15:32,654:INFO:Uploading results into container
2021-06-19 16:15:32,655:INFO:Uploading model into container now
2021-06-19 16:15:32,657:INFO:create_model_container: 1
2021-06-19 16:15:32,657:INFO:master_model_container: 1
2021-06-19 16:15:32,657:INFO:display_container: 2
2021-06-19 16:15:32,659:INFO:LGBMClassifier(boosting_type='gbdt', class_weight=None, colsample_bytree=1.0,
               importance_type='split', learning_rate=0.1, max_depth=-1,
               min_child_samples=20, min_child_weight=0.001, min_split_gain=0.0,
               n_estimators=100, n_jobs=-1, num_leaves=31, objective=None,
               random_state=5914, reg_alpha=0.0, reg_lambda=0.0, silent=True,
               sort='AUC', subsample=1.0, subsample_for_bin=200000,
               subsample_freq=0)
2021-06-19 16:15:32,659:INFO:create_model() succesfully completed......................................
2021-06-19 16:15:32,846:INFO:Initializing tune_model()
2021-06-19 16:15:32,846:INFO:tune_model(estimator=LGBMClassifier(boosting_type='gbdt', class_weight=None, colsample_bytree=1.0,
               importance_type='split', learning_rate=0.1, max_depth=-1,
               min_child_samples=20, min_child_weight=0.001, min_split_gain=0.0,
               n_estimators=100, n_jobs=-1, num_leaves=31, objective=None,
               random_state=5914, reg_alpha=0.0, reg_lambda=0.0, silent=True,
               sort='AUC', subsample=1.0, subsample_for_bin=200000,
               subsample_freq=0), fold=10, round=4, n_iter=10, custom_grid=None, optimize=AUC, custom_scorer=None, search_library=scikit-learn, search_algorithm=None, early_stopping=False, early_stopping_max_iters=10, choose_better=False, fit_kwargs=None, groups=None, return_tuner=False, verbose=True, tuner_verbose=True, display=None, kwargs={})
2021-06-19 16:15:32,846:INFO:Checking exceptions
2021-06-19 16:15:32,860:INFO:Preparing display monitor
2021-06-19 16:15:32,878:INFO:Copying training dataset
2021-06-19 16:15:33,013:INFO:Checking base model
2021-06-19 16:15:33,013:INFO:Base model : Light Gradient Boosting Machine
2021-06-19 16:15:33,026:INFO:Declaring metric variables
2021-06-19 16:15:33,040:INFO:Defining Hyperparameters
2021-06-19 16:15:33,183:INFO:Tuning with n_jobs=-1
2021-06-19 16:15:33,183:INFO:Initializing RandomizedSearchCV
